Notepad/app/build/intermediates/manifest_merge_blame_file/debug/manifest-merger-blame-debug-report.txt
1<?xml version="1.0" encoding="utf-8"?>
2<!--
3 Copyright (C) 2007 The Android Open Source Project
4
5     Licensed under the Apache License, Version 2.0 (the "License");
6     you may not use this file except in compliance with the License.
7     You may obtain a copy of the License at
8
9          http://www.apache.org/licenses/LICENSE-2.0
10
11     Unless required by applicable law or agreed to in writing, software
12     distributed under the License is distributed on an "AS IS" BASIS,
13     WITHOUT WARRANTIES OR CONDITIONS OF ANY KIND, either express or implied.
14     See the License for the specific language governing permissions and
15     limitations under the License.
16-->
17<!--
18 Declare the contents of this Android application.  The namespace
19     attribute brings in the Android platform namespace, and the package
20     supplies a unique name for the application.  When writing your
21     own application, the package name must be changed from "com.example.*"
22     to come from a domain that you own or have control over.
23-->
24<manifest xmlns:android="http://schemas.android.com/apk/res/android"
25    package="com.example.android.notepad" >
26
27    <uses-sdk
28        android:minSdkVersion="11"
28-->src\main\AndroidManifest.xml
29        android:targetSdkVersion="29" />
29-->src\main\AndroidManifest.xml
30
31    <application
31-->src\main\AndroidManifest.xml:26:5-121:19
32        android:debuggable="true"
33        android:icon="@drawable/app_notes"
33-->src\main\AndroidManifest.xml:26:18-52
34        android:label="@string/app_name"
34-->src\main\AndroidManifest.xml:27:9-41
35        android:testOnly="true" >
36        <provider
36-->src\main\AndroidManifest.xml:29:9-33:20
37            android:name="com.example.android.notepad.NotePadProvider"
37-->src\main\AndroidManifest.xml:29:19-49
38            android:authorities="com.google.provider.NotePad"
38-->src\main\AndroidManifest.xml:30:13-62
39            android:exported="false" >
39-->src\main\AndroidManifest.xml:31:13-37
40            <grant-uri-permission android:pathPattern=".*" />
40-->src\main\AndroidManifest.xml:32:13-62
40-->src\main\AndroidManifest.xml:32:35-59
41        </provider>
42
43        <activity
43-->src\main\AndroidManifest.xml:35:9-52:20
44            android:name="com.example.android.notepad.NotesList"
44-->src\main\AndroidManifest.xml:35:19-43
45            android:label="@string/title_notes_list" >
45-->src\main\AndroidManifest.xml:35:44-84
46            <intent-filter>
46-->src\main\AndroidManifest.xml:36:13-39:29
47                <action android:name="android.intent.action.MAIN" />
47-->src\main\AndroidManifest.xml:37:17-69
47-->src\main\AndroidManifest.xml:37:25-66
48
49                <category android:name="android.intent.category.LAUNCHER" />
49-->src\main\AndroidManifest.xml:38:17-77
49-->src\main\AndroidManifest.xml:38:27-74
50            </intent-filter>
51            <intent-filter>
51-->src\main\AndroidManifest.xml:40:13-46:29
52                <action android:name="android.intent.action.VIEW" />
52-->src\main\AndroidManifest.xml:41:17-69
52-->src\main\AndroidManifest.xml:41:25-66
53                <action android:name="android.intent.action.EDIT" />
53-->src\main\AndroidManifest.xml:42:17-69
53-->src\main\AndroidManifest.xml:42:25-66
54                <action android:name="android.intent.action.PICK" />
54-->src\main\AndroidManifest.xml:43:17-69
54-->src\main\AndroidManifest.xml:43:25-66
55
56                <category android:name="android.intent.category.DEFAULT" />
56-->src\main\AndroidManifest.xml:44:17-76
56-->src\main\AndroidManifest.xml:44:27-73
57
58                <data android:mimeType="vnd.android.cursor.dir/vnd.google.note" />
58-->src\main\AndroidManifest.xml:45:17-83
58-->src\main\AndroidManifest.xml:45:23-80
59            </intent-filter>
60            <intent-filter>
60-->src\main\AndroidManifest.xml:47:13-51:29
61                <action android:name="android.intent.action.GET_CONTENT" />
61-->src\main\AndroidManifest.xml:48:17-76
61-->src\main\AndroidManifest.xml:48:25-73
62
63                <category android:name="android.intent.category.DEFAULT" />
63-->src\main\AndroidManifest.xml:44:17-76
63-->src\main\AndroidManifest.xml:44:27-73
64
65                <data android:mimeType="vnd.android.cursor.item/vnd.google.note" />
65-->src\main\AndroidManifest.xml:45:17-83
65-->src\main\AndroidManifest.xml:45:23-80
66            </intent-filter>
67        </activity>
68        <!-- 添加搜索activity -->
69        <activity
69-->src\main\AndroidManifest.xml:54:9-57:20
70            android:name="com.example.android.notepad.NoteSearch"
70-->src\main\AndroidManifest.xml:55:13-38
71            android:label="@string/title_notes_search" >
71-->src\main\AndroidManifest.xml:56:13-55
72        </activity>
73        <activity
73-->src\main\AndroidManifest.xml:58:9-84:20
74            android:name="com.example.android.notepad.NoteEditor"
74-->src\main\AndroidManifest.xml:58:19-44
75            android:configChanges="keyboardHidden|orientation"
75-->src\main\AndroidManifest.xml:61:13-63
76            android:screenOrientation="sensor"
76-->src\main\AndroidManifest.xml:60:13-47
77            android:theme="@android:style/Theme.Holo.Light" >
77-->src\main\AndroidManifest.xml:59:13-60
78
79            <!--
80                 This filter says that we can view or edit the data of
81                 a single note
82            -->
83            <intent-filter android:label="@string/resolve_edit" >
83-->src\main\AndroidManifest.xml:65:13-71:29
83-->src\main\AndroidManifest.xml:65:28-64
84                <action android:name="android.intent.action.VIEW" />
84-->src\main\AndroidManifest.xml:41:17-69
84-->src\main\AndroidManifest.xml:41:25-66
85                <action android:name="android.intent.action.EDIT" />
85-->src\main\AndroidManifest.xml:42:17-69
85-->src\main\AndroidManifest.xml:42:25-66
86                <action android:name="com.android.notepad.action.EDIT_NOTE" />
86-->src\main\AndroidManifest.xml:68:17-79
86-->src\main\AndroidManifest.xml:68:25-76
87
88                <category android:name="android.intent.category.DEFAULT" />
88-->src\main\AndroidManifest.xml:44:17-76
88-->src\main\AndroidManifest.xml:44:27-73
89
90                <data android:mimeType="vnd.android.cursor.item/vnd.google.note" />
90-->src\main\AndroidManifest.xml:45:17-83
90-->src\main\AndroidManifest.xml:45:23-80
91            </intent-filter>
92
93            <!--
94                 This filter says that we can create a new note inside
95                 of a directory of notes.  The INSERT action creates an
96                 empty note; the PASTE action initializes a new note from
97                 the current contents of the clipboard.
98            -->
99            <intent-filter>
99-->src\main\AndroidManifest.xml:77:13-82:29
100                <action android:name="android.intent.action.INSERT" />
100-->src\main\AndroidManifest.xml:78:17-71
100-->src\main\AndroidManifest.xml:78:25-68
101                <action android:name="android.intent.action.PASTE" />
101-->src\main\AndroidManifest.xml:79:17-70
101-->src\main\AndroidManifest.xml:79:25-67
102
103                <category android:name="android.intent.category.DEFAULT" />
103-->src\main\AndroidManifest.xml:44:17-76
103-->src\main\AndroidManifest.xml:44:27-73
104
105                <data android:mimeType="vnd.android.cursor.dir/vnd.google.note" />
105-->src\main\AndroidManifest.xml:45:17-83
105-->src\main\AndroidManifest.xml:45:23-80
106            </intent-filter>
107        </activity>
108        <activity
108-->src\main\AndroidManifest.xml:86:9-111:20
109            android:name="com.example.android.notepad.TitleEditor"
109-->src\main\AndroidManifest.xml:86:19-45
110            android:icon="@drawable/ic_menu_edit"
110-->src\main\AndroidManifest.xml:88:13-50
111            android:label="@string/title_edit_title"
111-->src\main\AndroidManifest.xml:87:13-53
112            android:theme="@android:style/Theme.Holo.Dialog"
112-->src\main\AndroidManifest.xml:89:13-61
113            android:windowSoftInputMode="stateVisible" >
113-->src\main\AndroidManifest.xml:90:13-55
114
115            <!--
116                 This activity implements an alternative action that can be
117                 performed on notes: editing their title.  It can be used as
118                 a default operation if the user invokes this action, and is
119                 available as an alternative action for any note data.
120            -->
121            <intent-filter android:label="@string/resolve_title" >
121-->src\main\AndroidManifest.xml:95:13-110:29
121-->src\main\AndroidManifest.xml:95:28-65
122
123                <!--
124                     This is the action we perform.  It is a custom action we
125                     define for our application, not a generic VIEW or EDIT
126                     action since we are not a general note viewer/editor.
127                -->
128                <action android:name="com.android.notepad.action.EDIT_TITLE" />
128-->src\main\AndroidManifest.xml:99:17-80
128-->src\main\AndroidManifest.xml:99:25-77
129                <!-- DEFAULT: execute if being directly invoked. -->
130                <category android:name="android.intent.category.DEFAULT" />
130-->src\main\AndroidManifest.xml:44:17-76
130-->src\main\AndroidManifest.xml:44:27-73
131                <!--
132                     ALTERNATIVE: show as an alternative action when the user is
133                     working with this type of data.
134                -->
135                <category android:name="android.intent.category.ALTERNATIVE" />
135-->src\main\AndroidManifest.xml:104:17-80
135-->src\main\AndroidManifest.xml:104:27-77
136                <!--
137                     SELECTED_ALTERNATIVE: show as an alternative action the user
138                     can perform when selecting this type of data.
139                -->
140                <category android:name="android.intent.category.SELECTED_ALTERNATIVE" />
140-->src\main\AndroidManifest.xml:107:17-89
140-->src\main\AndroidManifest.xml:107:27-86
141                <!-- This is the data type we operate on. -->
142                <data android:mimeType="vnd.android.cursor.item/vnd.google.note" />
142-->src\main\AndroidManifest.xml:45:17-83
142-->src\main\AndroidManifest.xml:45:23-80
143            </intent-filter>
144        </activity>
145        <activity
145-->src\main\AndroidManifest.xml:113:9-119:20
146            android:name="com.example.android.notepad.NotesLiveFolder"
146-->src\main\AndroidManifest.xml:113:19-49
147            android:icon="@drawable/live_folder_notes"
147-->src\main\AndroidManifest.xml:114:13-55
148            android:label="@string/live_folder_name" >
148-->src\main\AndroidManifest.xml:113:50-90
149            <intent-filter>
149-->src\main\AndroidManifest.xml:115:13-118:29
150                <action android:name="android.intent.action.CREATE_LIVE_FOLDER" />
150-->src\main\AndroidManifest.xml:116:17-83
150-->src\main\AndroidManifest.xml:116:25-80
151
152                <category android:name="android.intent.category.DEFAULT" />
152-->src\main\AndroidManifest.xml:44:17-76
152-->src\main\AndroidManifest.xml:44:27-73
153            </intent-filter>
154        </activity>
155    </application>
156
157</manifest>